<?xml version="1.0" encoding="UTF-8"?>
<!-- Generated by org.testng.reporters.JUnitReportReporter -->
<testsuite hostname="LAPTOP-KGLKBPSV" failures="0" tests="3" name="testrunners.Logintest" time="31.832" errors="0" timestamp="2025-03-13T12:40:15 IST" skipped="0">
  <testcase classname="testrunners.Logintest" name="runScenario" time="12.117"/>
  <testcase classname="testrunners.Logintest" name="runScenario" time="8.800"/>
  <testcase classname="testrunners.Logintest" name="runScenario" time="10.915"/>
</testsuite> <!-- testrunners.Logintest -->
