<?xml version="1.0" encoding="UTF-8"?>
<!-- Generated by org.testng.reporters.JUnitReportReporter -->
<testsuite hostname="LAPTOP-KGLKBPSV" failures="0" tests="1" name="testrunners.Logintest" time="10.640" errors="0" timestamp="2025-03-13T00:34:25 IST" skipped="0">
  <testcase classname="testrunners.Logintest" name="runScenario" time="10.640"/>
</testsuite> <!-- testrunners.Logintest -->
